<?xml version="1.0" encoding="utf-8"?><testsuites name="pytest tests"><testsuite name="pytest" errors="0" failures="0" skipped="0" tests="13" time="6.372" timestamp="2026-06-27T03:19:05.025074+00:00" hostname="agent-env-b2999279-b2af-4516-a8d0-b379ab05e8ef"><testcase classname="tests.backend_test.TestAuth" name="test_register_sets_cookie_and_returns_user" time="0.619" /><testcase classname="tests.backend_test.TestProfileAndCategories" name="test_profile_autocreate_seeds_8_default_categories" time="0.946" /><testcase classname="tests.backend_test.TestAuth" name="test_register_duplicate_email_returns_400" time="0.421" /><testcase classname="tests.backend_test.TestProfileAndCategories" name="test_profile_update_currency_and_budget" time="0.926" /><testcase classname="tests.backend_test.TestAuth" name="test_login_success_and_wrong_password" time="1.155" /><testcase classname="tests.backend_test.TestCategoryCRUD" name="test_create_update_delete_category_unlinks_expense" time="1.292" /><testcase classname="tests.backend_test.TestAuth" name="test_me_requires_cookie" time="0.618" /><testcase classname="tests.backend_test.TestAuth" name="test_logout_invalidates_session" time="0.688" /><testcase classname="tests.backend_test.TestExpenseCRUD" name="test_expense_lifecycle" time="0.845" /><testcase classname="tests.backend_test.TestVendorCRUD" name="test_vendor_lifecycle" time="0.508" /><testcase classname="tests.backend_test.TestGuestCRUD" name="test_guest_lifecycle" time="0.756" /><testcase classname="tests.backend_test.TestStats" name="test_stats_aggregation" time="1.222" /><testcase classname="tests.backend_test.TestMultiTenancy" name="test_user_b_cannot_access_user_a_data" time="0.988" /></testsuite></testsuites>